[0.495s] Invoking command in '/home/jason/CASA/src/casa_startup': PYTHONPATH=/home/jason/CASA/install/casa_startup/lib/python3.10/site-packages:${PYTHONPATH} /usr/bin/python3 setup.py egg_info --egg-base ../../build/casa_startup build --build-base /home/jason/CASA/build/casa_startup/build install --prefix /home/jason/CASA/install/casa_startup --record /home/jason/CASA/build/casa_startup/install.log --single-version-externally-managed
[0.687s] running egg_info
[0.687s] creating ../../build/casa_startup/casa_startup.egg-info
[0.694s] writing ../../build/casa_startup/casa_startup.egg-info/PKG-INFO
[0.694s] writing dependency_links to ../../build/casa_startup/casa_startup.egg-info/dependency_links.txt
[0.694s] writing requirements to ../../build/casa_startup/casa_startup.egg-info/requires.txt
[0.694s] writing top-level names to ../../build/casa_startup/casa_startup.egg-info/top_level.txt
[0.694s] writing manifest file '../../build/casa_startup/casa_startup.egg-info/SOURCES.txt'
[0.707s] reading manifest file '../../build/casa_startup/casa_startup.egg-info/SOURCES.txt'
[0.708s] writing manifest file '../../build/casa_startup/casa_startup.egg-info/SOURCES.txt'
[0.708s] running build
[0.708s] running build_py
[0.708s] creating /home/jason/CASA/build/casa_startup/build
[0.708s] creating /home/jason/CASA/build/casa_startup/build/lib
[0.708s] creating /home/jason/CASA/build/casa_startup/build/lib/casa_startup
[0.708s] copying casa_startup/__init__.py -> /home/jason/CASA/build/casa_startup/build/lib/casa_startup
[0.708s] running install
[0.708s] /usr/local/lib/python3.10/dist-packages/setuptools/command/install.py:34: SetuptoolsDeprecationWarning: setup.py install is deprecated. Use build and pip and other standards-based tools.
[0.708s]   warnings.warn(
[0.711s] running install_lib
[0.718s] creating /home/jason/CASA/install/casa_startup/local
[0.718s] creating /home/jason/CASA/install/casa_startup/local/lib
[0.718s] creating /home/jason/CASA/install/casa_startup/local/lib/python3.10
[0.718s] creating /home/jason/CASA/install/casa_startup/local/lib/python3.10/dist-packages
[0.718s] creating /home/jason/CASA/install/casa_startup/local/lib/python3.10/dist-packages/casa_startup
[0.718s] copying /home/jason/CASA/build/casa_startup/build/lib/casa_startup/__init__.py -> /home/jason/CASA/install/casa_startup/local/lib/python3.10/dist-packages/casa_startup
[0.718s] byte-compiling /home/jason/CASA/install/casa_startup/local/lib/python3.10/dist-packages/casa_startup/__init__.py to __init__.cpython-310.pyc
[0.718s] running install_data
[0.725s] creating /home/jason/CASA/install/casa_startup/local/share
[0.725s] creating /home/jason/CASA/install/casa_startup/local/share/ament_index
[0.725s] creating /home/jason/CASA/install/casa_startup/local/share/ament_index/resource_index
[0.725s] creating /home/jason/CASA/install/casa_startup/local/share/ament_index/resource_index/packages
[0.725s] copying resource/casa_startup -> /home/jason/CASA/install/casa_startup/local/share/ament_index/resource_index/packages
[0.725s] creating /home/jason/CASA/install/casa_startup/local/share/casa_startup
[0.725s] copying package.xml -> /home/jason/CASA/install/casa_startup/local/share/casa_startup
[0.725s] running install_egg_info
[0.732s] Copying ../../build/casa_startup/casa_startup.egg-info to /home/jason/CASA/install/casa_startup/local/lib/python3.10/dist-packages/casa_startup-0.0.0-py3.10.egg-info
[0.732s] running install_scripts
[0.765s] writing list of installed files to '/home/jason/CASA/build/casa_startup/install.log'
[0.784s] Invoked command in '/home/jason/CASA/src/casa_startup' returned '0': PYTHONPATH=/home/jason/CASA/install/casa_startup/lib/python3.10/site-packages:${PYTHONPATH} /usr/bin/python3 setup.py egg_info --egg-base ../../build/casa_startup build --build-base /home/jason/CASA/build/casa_startup/build install --prefix /home/jason/CASA/install/casa_startup --record /home/jason/CASA/build/casa_startup/install.log --single-version-externally-managed
