-- The C compiler identification is GNU 11.3.0
-- The CXX compiler identification is GNU 11.3.0
-- Detecting C compiler ABI info
-- Detecting C compiler ABI info - done
-- Check for working C compiler: /usr/bin/cc - skipped
-- Detecting C compile features
-- Detecting C compile features - done
-- Detecting CXX compiler ABI info
-- Detecting CXX compiler ABI info - done
-- Check for working CXX compiler: /usr/bin/c++ - skipped
-- Detecting CXX compile features
-- Detecting CXX compile features - done
-- Found ament_cmake: 1.3.2 (/opt/ros/humble/share/ament_cmake/cmake)
-- Found Python3: /usr/bin/python3.10 (found version "3.10.6") found components: Interpreter 
-- Found builtin_interfaces: 1.2.0 (/opt/ros/humble/share/builtin_interfaces/cmake)
-- Found rosidl_generator_c: 3.1.3 (/opt/ros/humble/share/rosidl_generator_c/cmake)
-- Found rosidl_adapter: 3.1.3 (/opt/ros/humble/share/rosidl_adapter/cmake)
-- Found rosidl_generator_cpp: 3.1.3 (/opt/ros/humble/share/rosidl_generator_cpp/cmake)
-- Using all available rosidl_typesupport_c: rosidl_typesupport_fastrtps_c;rosidl_typesupport_introspection_c
-- Using all available rosidl_typesupport_cpp: rosidl_typesupport_fastrtps_cpp;rosidl_typesupport_introspection_cpp
-- Found eigen3_cmake_module: 0.1.1 (/opt/ros/humble/share/eigen3_cmake_module/cmake)
-- Found Eigen3: TRUE (found version "3.4.0") 
-- Found geometry_msgs: 4.2.2 (/opt/ros/humble/share/geometry_msgs/cmake)
-- Found px4_msgs: 2.0.1 (/home/jason/CASA/install/px4_msgs/share/px4_msgs/cmake)
-- Found rclcpp: 16.0.1 (/opt/ros/humble/share/rclcpp/cmake)
-- Found rmw_implementation_cmake: 6.1.0 (/opt/ros/humble/share/rmw_implementation_cmake/cmake)
-- Found rmw_fastrtps_cpp: 6.2.1 (/opt/ros/humble/share/rmw_fastrtps_cpp/cmake)
-- Found OpenSSL: /usr/lib/x86_64-linux-gnu/libcrypto.so (found version "3.0.2")  
-- Found FastRTPS: /opt/ros/humble/include  
-- Using RMW implementation 'rmw_fastrtps_cpp' as default
-- Found sensor_msgs: 4.2.2 (/opt/ros/humble/share/sensor_msgs/cmake)
-- Found ament_lint_auto: 0.12.4 (/opt/ros/humble/share/ament_lint_auto/cmake)
-- Added test 'copyright' to check source files copyright and LICENSE
-- Added test 'cppcheck' to perform static code analysis on C / C++ code
-- Configured cppcheck include dirs: /home/jason/CASA/src/communication/px4_ros_com/include;$<BUILD_INTERFACE:/home/jason/CASA/src/communication/px4_ros_com/include/px4_ros_com>
-- Configured cppcheck exclude dirs and/or files: 
-- Added test 'cpplint' to check C / C++ code against the Google style
-- Configured cpplint exclude dirs and/or files: 
-- Added test 'flake8' to check Python code syntax and style conventions
-- Added test 'lint_cmake' to check CMake code style
-- Added test 'pep257' to check Python code against some of the docstring style conventions in PEP 257
-- Added test 'uncrustify' to check C / C++ code style
-- Configured uncrustify additional arguments: 
-- Added test 'xmllint' to check XML markup files
-- Configuring done
-- Generating done
-- Build files have been written to: /home/jason/CASA/build/px4_ros_com
[ 20%] [32mBuilding CXX object CMakeFiles/sensor_combined_listener.dir/src/examples/listeners/sensor_combined_listener.cpp.o[0m
[ 20%] [32mBuilding CXX object CMakeFiles/offboard_control.dir/src/examples/offboard/offboard_control.cpp.o[0m
[ 30%] [32mBuilding CXX object CMakeFiles/frame_transforms.dir/src/lib/frame_transforms.cpp.o[0m
[ 50%] [32mBuilding CXX object CMakeFiles/debug_vect_advertiser.dir/src/examples/advertisers/debug_vect_advertiser.cpp.o[0m
[ 50%] [32mBuilding CXX object CMakeFiles/vehicle_gps_position_listener.dir/src/examples/listeners/vehicle_gps_position_listener.cpp.o[0m
In file included from [01m[K/opt/ros/humble/include/rclcpp/rclcpp/logging.hpp:24[m[K,
                 from [01m[K/opt/ros/humble/include/rclcpp/rclcpp/client.hpp:40[m[K,
                 from [01m[K/opt/ros/humble/include/rclcpp/rclcpp/callback_group.hpp:23[m[K,
                 from [01m[K/opt/ros/humble/include/rclcpp/rclcpp/any_executable.hpp:20[m[K,
                 from [01m[K/opt/ros/humble/include/rclcpp/rclcpp/memory_strategy.hpp:25[m[K,
                 from [01m[K/opt/ros/humble/include/rclcpp/rclcpp/memory_strategies.hpp:18[m[K,
                 from [01m[K/opt/ros/humble/include/rclcpp/rclcpp/executor_options.hpp:20[m[K,
                 from [01m[K/opt/ros/humble/include/rclcpp/rclcpp/executor.hpp:37[m[K,
                 from [01m[K/opt/ros/humble/include/rclcpp/rclcpp/executors/multi_threaded_executor.hpp:25[m[K,
                 from [01m[K/opt/ros/humble/include/rclcpp/rclcpp/executors.hpp:21[m[K,
                 from [01m[K/opt/ros/humble/include/rclcpp/rclcpp/rclcpp.hpp:155[m[K,
                 from [01m[K/home/jason/CASA/src/communication/px4_ros_com/src/examples/advertisers/debug_vect_advertiser.cpp:41[m[K:
[01m[K/home/jason/CASA/src/communication/px4_ros_com/src/examples/advertisers/debug_vect_advertiser.cpp:[m[K In lambda function:
[01m[K/home/jason/CASA/src/communication/px4_ros_com/src/examples/advertisers/debug_vect_advertiser.cpp:62:57:[m[K [01;35m[Kwarning: [m[Kformat ‘[01m[K%llu[m[K’ expects argument of type ‘[01m[Klong long unsigned int[m[K’, but argument 5 has type ‘[01m[Kpx4_msgs::msg::DebugVect_<std::allocator<void> >::_timestamp_type[m[K’ {aka ‘[01m[Klong unsigned int[m[K’} [[01;35m[K]8;;https://gcc.gnu.org/onlinedocs/gcc/Warning-Options.html#index-Wformat=-Wformat=]8;;[m[K]
   62 |                         RCLCPP_INFO(this->get_logger(), [01;35m[K"\033[97m Publishing debug_vect: time: %llu x: %f y: %f z: %f \033[0m"[m[K,
      |                                                         [01;35m[K^~~~~~~~~~~~~~~~~~~~~~~~~~~~~~~~~~~~~~~~~~~~~~~~~~~~~~~~~~~~~~~~~~~~~~[m[K
   63 |                                     [32m[Kdebug_vect.timestamp[m[K, debug_vect.x, debug_vect.y, debug_vect.z);
      |                                     [32m[K~~~~~~~~~~~~~~~~~~~~[m[K 
      |                                                [32m[K|[m[K
      |                                                [32m[Kpx4_msgs::msg::DebugVect_<std::allocator<void> >::_timestamp_type {aka long unsigned int}[m[K
[01m[K/home/jason/CASA/src/communication/px4_ros_com/src/examples/advertisers/debug_vect_advertiser.cpp:62:99:[m[K [01;36m[Knote: [m[Kformat string is defined here
   62 |                         RCLCPP_INFO(this->get_logger(), "\033[97m Publishing debug_vect: time: [01;36m[K%llu[m[K x: %f y: %f z: %f \033[0m",
      |                                                                                                [01;36m[K~~~^[m[K
      |                                                                                                   [01;36m[K|[m[K
      |                                                                                                   [01;36m[Klong long unsigned int[m[K
      |                                                                                                [32m[K%lu[m[K
[ 60%] [32m[1mLinking CXX executable debug_vect_advertiser[0m
[ 60%] Built target debug_vect_advertiser
[ 70%] [32m[1mLinking CXX executable offboard_control[0m
[ 70%] Built target offboard_control
[ 80%] [32m[1mLinking CXX shared library libframe_transforms.so[0m
[ 80%] Built target frame_transforms
[ 90%] [32m[1mLinking CXX executable vehicle_gps_position_listener[0m
[100%] [32m[1mLinking CXX executable sensor_combined_listener[0m
[100%] Built target vehicle_gps_position_listener
[100%] Built target sensor_combined_listener
-- Install configuration: ""
-- Installing: /home/jason/CASA/install/px4_ros_com/lib/px4_ros_com/sensor_combined_listener
-- Set runtime path of "/home/jason/CASA/install/px4_ros_com/lib/px4_ros_com/sensor_combined_listener" to ""
-- Installing: /home/jason/CASA/install/px4_ros_com/lib/px4_ros_com/vehicle_gps_position_listener
-- Set runtime path of "/home/jason/CASA/install/px4_ros_com/lib/px4_ros_com/vehicle_gps_position_listener" to ""
-- Installing: /home/jason/CASA/install/px4_ros_com/lib/px4_ros_com/debug_vect_advertiser
-- Set runtime path of "/home/jason/CASA/install/px4_ros_com/lib/px4_ros_com/debug_vect_advertiser" to ""
-- Installing: /home/jason/CASA/install/px4_ros_com/lib/px4_ros_com/offboard_control
-- Set runtime path of "/home/jason/CASA/install/px4_ros_com/lib/px4_ros_com/offboard_control" to ""
-- Installing: /home/jason/CASA/install/px4_ros_com/share/px4_ros_com/environment/library_path.sh
-- Installing: /home/jason/CASA/install/px4_ros_com/share/px4_ros_com/environment/library_path.dsv
-- Installing: /home/jason/CASA/install/px4_ros_com/include/px4_ros_com
-- Installing: /home/jason/CASA/install/px4_ros_com/include/px4_ros_com/frame_transforms.h
-- Installing: /home/jason/CASA/install/px4_ros_com/lib/libframe_transforms.so
-- Set runtime path of "/home/jason/CASA/install/px4_ros_com/lib/libframe_transforms.so" to ""
-- Installing: /home/jason/CASA/install/px4_ros_com/share/px4_ros_com//launch
-- Installing: /home/jason/CASA/install/px4_ros_com/share/px4_ros_com//launch/offboard_control_launch.yaml
-- Installing: /home/jason/CASA/install/px4_ros_com/share/px4_ros_com//launch/sensor_combined_listener.launch.py
-- Installing: /home/jason/CASA/install/px4_ros_com/share/px4_ros_com//test
-- Installing: /home/jason/CASA/install/px4_ros_com/share/px4_ros_com//test/test_input.py
-- Installing: /home/jason/CASA/install/px4_ros_com/share/px4_ros_com//test/test_output.py
-- Installing: /home/jason/CASA/install/px4_ros_com/share/px4_ros_com//test/pipeline_io_test.py
-- Installing: /home/jason/CASA/install/px4_ros_com/share/px4_ros_com//test/__init__.py
-- Installing: /home/jason/CASA/install/px4_ros_com/share/ament_index/resource_index/package_run_dependencies/px4_ros_com
-- Installing: /home/jason/CASA/install/px4_ros_com/share/ament_index/resource_index/parent_prefix_path/px4_ros_com
-- Installing: /home/jason/CASA/install/px4_ros_com/share/px4_ros_com/environment/ament_prefix_path.sh
-- Installing: /home/jason/CASA/install/px4_ros_com/share/px4_ros_com/environment/ament_prefix_path.dsv
-- Installing: /home/jason/CASA/install/px4_ros_com/share/px4_ros_com/environment/path.sh
-- Installing: /home/jason/CASA/install/px4_ros_com/share/px4_ros_com/environment/path.dsv
-- Installing: /home/jason/CASA/install/px4_ros_com/share/px4_ros_com/local_setup.bash
-- Installing: /home/jason/CASA/install/px4_ros_com/share/px4_ros_com/local_setup.sh
-- Installing: /home/jason/CASA/install/px4_ros_com/share/px4_ros_com/local_setup.zsh
-- Installing: /home/jason/CASA/install/px4_ros_com/share/px4_ros_com/local_setup.dsv
-- Installing: /home/jason/CASA/install/px4_ros_com/share/px4_ros_com/package.dsv
-- Installing: /home/jason/CASA/install/px4_ros_com/share/ament_index/resource_index/packages/px4_ros_com
-- Installing: /home/jason/CASA/install/px4_ros_com/share/px4_ros_com/cmake/export_frame_transformsExport.cmake
-- Installing: /home/jason/CASA/install/px4_ros_com/share/px4_ros_com/cmake/export_frame_transformsExport-noconfig.cmake
-- Installing: /home/jason/CASA/install/px4_ros_com/share/px4_ros_com/cmake/ament_cmake_export_dependencies-extras.cmake
-- Installing: /home/jason/CASA/install/px4_ros_com/share/px4_ros_com/cmake/ament_cmake_export_targets-extras.cmake
-- Installing: /home/jason/CASA/install/px4_ros_com/share/px4_ros_com/cmake/ament_cmake_export_include_directories-extras.cmake
-- Installing: /home/jason/CASA/install/px4_ros_com/share/px4_ros_com/cmake/ament_cmake_export_libraries-extras.cmake
-- Installing: /home/jason/CASA/install/px4_ros_com/share/px4_ros_com/cmake/px4_ros_comConfig.cmake
-- Installing: /home/jason/CASA/install/px4_ros_com/share/px4_ros_com/cmake/px4_ros_comConfig-version.cmake
-- Installing: /home/jason/CASA/install/px4_ros_com/share/px4_ros_com/package.xml
