[0.004s] Invoking command in '/home/jason/CASA/build/px4_ros_com': AMENT_PREFIX_PATH=/home/jason/CASA/install/px4_msgs:${AMENT_PREFIX_PATH} CMAKE_PREFIX_PATH=/home/jason/CASA/install/px4_msgs:/opt/ros/humble LD_LIBRARY_PATH=/home/jason/CASA/install/px4_msgs/lib:${LD_LIBRARY_PATH} PYTHONPATH=/home/jason/CASA/install/px4_msgs/local/lib/python3.10/dist-packages:${PYTHONPATH} /usr/bin/cmake /home/jason/CASA/src/communication/px4_ros_com -DCMAKE_INSTALL_PREFIX=/home/jason/CASA/install/px4_ros_com
[0.031s] -- The C compiler identification is GNU 11.3.0
[0.058s] -- The CXX compiler identification is GNU 11.3.0
[0.062s] -- Detecting C compiler ABI info
[0.094s] -- Detecting C compiler ABI info - done
[0.098s] -- Check for working C compiler: /usr/bin/cc - skipped
[0.098s] -- Detecting C compile features
[0.099s] -- Detecting C compile features - done
[0.100s] -- Detecting CXX compiler ABI info
[0.136s] -- Detecting CXX compiler ABI info - done
[0.140s] -- Check for working CXX compiler: /usr/bin/c++ - skipped
[0.141s] -- Detecting CXX compile features
[0.141s] -- Detecting CXX compile features - done
[0.142s] -- Found ament_cmake: 1.3.2 (/opt/ros/humble/share/ament_cmake/cmake)
[0.517s] -- Found Python3: /usr/bin/python3.10 (found version "3.10.6") found components: Interpreter 
[0.571s] -- Found builtin_interfaces: 1.2.0 (/opt/ros/humble/share/builtin_interfaces/cmake)
[0.599s] -- Found rosidl_generator_c: 3.1.3 (/opt/ros/humble/share/rosidl_generator_c/cmake)
[0.602s] -- Found rosidl_adapter: 3.1.3 (/opt/ros/humble/share/rosidl_adapter/cmake)
[0.606s] -- Found rosidl_generator_cpp: 3.1.3 (/opt/ros/humble/share/rosidl_generator_cpp/cmake)
[0.614s] -- Using all available rosidl_typesupport_c: rosidl_typesupport_fastrtps_c;rosidl_typesupport_introspection_c
[0.625s] -- Using all available rosidl_typesupport_cpp: rosidl_typesupport_fastrtps_cpp;rosidl_typesupport_introspection_cpp
[0.644s] -- Found eigen3_cmake_module: 0.1.1 (/opt/ros/humble/share/eigen3_cmake_module/cmake)
[0.648s] -- Found Eigen3: TRUE (found version "3.4.0") 
[0.649s] -- Found geometry_msgs: 4.2.2 (/opt/ros/humble/share/geometry_msgs/cmake)
[0.713s] -- Found px4_msgs: 2.0.1 (/home/jason/CASA/install/px4_msgs/share/px4_msgs/cmake)
[0.734s] -- Found rclcpp: 16.0.1 (/opt/ros/humble/share/rclcpp/cmake)
[0.775s] -- Found rmw_implementation_cmake: 6.1.0 (/opt/ros/humble/share/rmw_implementation_cmake/cmake)
[0.777s] -- Found rmw_fastrtps_cpp: 6.2.1 (/opt/ros/humble/share/rmw_fastrtps_cpp/cmake)
[0.836s] -- Found OpenSSL: /usr/lib/x86_64-linux-gnu/libcrypto.so (found version "3.0.2")  
[0.853s] -- Found FastRTPS: /opt/ros/humble/include  
[0.881s] -- Using RMW implementation 'rmw_fastrtps_cpp' as default
[0.965s] -- Found sensor_msgs: 4.2.2 (/opt/ros/humble/share/sensor_msgs/cmake)
[1.023s] -- Found ament_lint_auto: 0.12.4 (/opt/ros/humble/share/ament_lint_auto/cmake)
[1.068s] -- Added test 'copyright' to check source files copyright and LICENSE
[1.069s] -- Added test 'cppcheck' to perform static code analysis on C / C++ code
[1.070s] -- Configured cppcheck include dirs: /home/jason/CASA/src/communication/px4_ros_com/include;$<BUILD_INTERFACE:/home/jason/CASA/src/communication/px4_ros_com/include/px4_ros_com>
[1.070s] -- Configured cppcheck exclude dirs and/or files: 
[1.071s] -- Added test 'cpplint' to check C / C++ code against the Google style
[1.071s] -- Configured cpplint exclude dirs and/or files: 
[1.071s] -- Added test 'flake8' to check Python code syntax and style conventions
[1.071s] -- Added test 'lint_cmake' to check CMake code style
[1.072s] -- Added test 'pep257' to check Python code against some of the docstring style conventions in PEP 257
[1.073s] -- Added test 'uncrustify' to check C / C++ code style
[1.073s] -- Configured uncrustify additional arguments: 
[1.073s] -- Added test 'xmllint' to check XML markup files
[1.074s] -- Configuring done
[1.085s] -- Generating done
[1.085s] -- Build files have been written to: /home/jason/CASA/build/px4_ros_com
[1.091s] Invoked command in '/home/jason/CASA/build/px4_ros_com' returned '0': AMENT_PREFIX_PATH=/home/jason/CASA/install/px4_msgs:${AMENT_PREFIX_PATH} CMAKE_PREFIX_PATH=/home/jason/CASA/install/px4_msgs:/opt/ros/humble LD_LIBRARY_PATH=/home/jason/CASA/install/px4_msgs/lib:${LD_LIBRARY_PATH} PYTHONPATH=/home/jason/CASA/install/px4_msgs/local/lib/python3.10/dist-packages:${PYTHONPATH} /usr/bin/cmake /home/jason/CASA/src/communication/px4_ros_com -DCMAKE_INSTALL_PREFIX=/home/jason/CASA/install/px4_ros_com
[1.092s] Invoking command in '/home/jason/CASA/build/px4_ros_com': AMENT_PREFIX_PATH=/home/jason/CASA/install/px4_msgs:${AMENT_PREFIX_PATH} CMAKE_PREFIX_PATH=/home/jason/CASA/install/px4_msgs:/opt/ros/humble LD_LIBRARY_PATH=/home/jason/CASA/install/px4_msgs/lib:${LD_LIBRARY_PATH} PYTHONPATH=/home/jason/CASA/install/px4_msgs/local/lib/python3.10/dist-packages:${PYTHONPATH} /usr/bin/cmake --build /home/jason/CASA/build/px4_ros_com -- -j24 -l24
[1.114s] [ 20%] [32mBuilding CXX object CMakeFiles/sensor_combined_listener.dir/src/examples/listeners/sensor_combined_listener.cpp.o[0m
[1.114s] [ 20%] [32mBuilding CXX object CMakeFiles/offboard_control.dir/src/examples/offboard/offboard_control.cpp.o[0m
[1.115s] [ 30%] [32mBuilding CXX object CMakeFiles/frame_transforms.dir/src/lib/frame_transforms.cpp.o[0m
[1.115s] [ 50%] [32mBuilding CXX object CMakeFiles/debug_vect_advertiser.dir/src/examples/advertisers/debug_vect_advertiser.cpp.o[0m
[1.115s] [ 50%] [32mBuilding CXX object CMakeFiles/vehicle_gps_position_listener.dir/src/examples/listeners/vehicle_gps_position_listener.cpp.o[0m
[2.553s] In file included from [01m[K/opt/ros/humble/include/rclcpp/rclcpp/logging.hpp:24[m[K,
[2.553s]                  from [01m[K/opt/ros/humble/include/rclcpp/rclcpp/client.hpp:40[m[K,
[2.553s]                  from [01m[K/opt/ros/humble/include/rclcpp/rclcpp/callback_group.hpp:23[m[K,
[2.553s]                  from [01m[K/opt/ros/humble/include/rclcpp/rclcpp/any_executable.hpp:20[m[K,
[2.553s]                  from [01m[K/opt/ros/humble/include/rclcpp/rclcpp/memory_strategy.hpp:25[m[K,
[2.553s]                  from [01m[K/opt/ros/humble/include/rclcpp/rclcpp/memory_strategies.hpp:18[m[K,
[2.554s]                  from [01m[K/opt/ros/humble/include/rclcpp/rclcpp/executor_options.hpp:20[m[K,
[2.554s]                  from [01m[K/opt/ros/humble/include/rclcpp/rclcpp/executor.hpp:37[m[K,
[2.554s]                  from [01m[K/opt/ros/humble/include/rclcpp/rclcpp/executors/multi_threaded_executor.hpp:25[m[K,
[2.554s]                  from [01m[K/opt/ros/humble/include/rclcpp/rclcpp/executors.hpp:21[m[K,
[2.554s]                  from [01m[K/opt/ros/humble/include/rclcpp/rclcpp/rclcpp.hpp:155[m[K,
[2.554s]                  from [01m[K/home/jason/CASA/src/communication/px4_ros_com/src/examples/advertisers/debug_vect_advertiser.cpp:41[m[K:
[2.554s] [01m[K/home/jason/CASA/src/communication/px4_ros_com/src/examples/advertisers/debug_vect_advertiser.cpp:[m[K In lambda function:
[2.554s] [01m[K/home/jason/CASA/src/communication/px4_ros_com/src/examples/advertisers/debug_vect_advertiser.cpp:62:57:[m[K [01;35m[Kwarning: [m[Kformat ‘[01m[K%llu[m[K’ expects argument of type ‘[01m[Klong long unsigned int[m[K’, but argument 5 has type ‘[01m[Kpx4_msgs::msg::DebugVect_<std::allocator<void> >::_timestamp_type[m[K’ {aka ‘[01m[Klong unsigned int[m[K’} [[01;35m[K]8;;https://gcc.gnu.org/onlinedocs/gcc/Warning-Options.html#index-Wformat=-Wformat=]8;;[m[K]
[2.554s]    62 |                         RCLCPP_INFO(this->get_logger(), [01;35m[K"\033[97m Publishing debug_vect: time: %llu x: %f y: %f z: %f \033[0m"[m[K,
[2.554s]       |                                                         [01;35m[K^~~~~~~~~~~~~~~~~~~~~~~~~~~~~~~~~~~~~~~~~~~~~~~~~~~~~~~~~~~~~~~~~~~~~~[m[K
[2.554s]    63 |                                     [32m[Kdebug_vect.timestamp[m[K, debug_vect.x, debug_vect.y, debug_vect.z);
[2.554s]       |                                     [32m[K~~~~~~~~~~~~~~~~~~~~[m[K 
[2.554s]       |                                                [32m[K|[m[K
[2.554s]       |                                                [32m[Kpx4_msgs::msg::DebugVect_<std::allocator<void> >::_timestamp_type {aka long unsigned int}[m[K
[2.554s] [01m[K/home/jason/CASA/src/communication/px4_ros_com/src/examples/advertisers/debug_vect_advertiser.cpp:62:99:[m[K [01;36m[Knote: [m[Kformat string is defined here
[2.554s]    62 |                         RCLCPP_INFO(this->get_logger(), "\033[97m Publishing debug_vect: time: [01;36m[K%llu[m[K x: %f y: %f z: %f \033[0m",
[2.554s]       |                                                                                                [01;36m[K~~~^[m[K
[2.554s]       |                                                                                                   [01;36m[K|[m[K
[2.554s]       |                                                                                                   [01;36m[Klong long unsigned int[m[K
[2.554s]       |                                                                                                [32m[K%lu[m[K
[3.736s] [ 60%] [32m[1mLinking CXX executable debug_vect_advertiser[0m
[3.840s] [ 60%] Built target debug_vect_advertiser
[4.069s] [ 70%] [32m[1mLinking CXX executable offboard_control[0m
[4.172s] [ 70%] Built target offboard_control
[5.179s] [ 80%] [32m[1mLinking CXX shared library libframe_transforms.so[0m
[5.314s] [ 80%] Built target frame_transforms
[5.908s] [ 90%] [32m[1mLinking CXX executable vehicle_gps_position_listener[0m
[5.927s] [100%] [32m[1mLinking CXX executable sensor_combined_listener[0m
[6.088s] [100%] Built target vehicle_gps_position_listener
[6.104s] [100%] Built target sensor_combined_listener
[6.108s] Invoked command in '/home/jason/CASA/build/px4_ros_com' returned '0': AMENT_PREFIX_PATH=/home/jason/CASA/install/px4_msgs:${AMENT_PREFIX_PATH} CMAKE_PREFIX_PATH=/home/jason/CASA/install/px4_msgs:/opt/ros/humble LD_LIBRARY_PATH=/home/jason/CASA/install/px4_msgs/lib:${LD_LIBRARY_PATH} PYTHONPATH=/home/jason/CASA/install/px4_msgs/local/lib/python3.10/dist-packages:${PYTHONPATH} /usr/bin/cmake --build /home/jason/CASA/build/px4_ros_com -- -j24 -l24
[6.121s] Invoking command in '/home/jason/CASA/build/px4_ros_com': AMENT_PREFIX_PATH=/home/jason/CASA/install/px4_msgs:${AMENT_PREFIX_PATH} CMAKE_PREFIX_PATH=/home/jason/CASA/install/px4_msgs:/opt/ros/humble LD_LIBRARY_PATH=/home/jason/CASA/install/px4_msgs/lib:${LD_LIBRARY_PATH} PYTHONPATH=/home/jason/CASA/install/px4_msgs/local/lib/python3.10/dist-packages:${PYTHONPATH} /usr/bin/cmake --install /home/jason/CASA/build/px4_ros_com
[6.124s] -- Install configuration: ""
[6.124s] -- Installing: /home/jason/CASA/install/px4_ros_com/lib/px4_ros_com/sensor_combined_listener
[6.126s] -- Set runtime path of "/home/jason/CASA/install/px4_ros_com/lib/px4_ros_com/sensor_combined_listener" to ""
[6.126s] -- Installing: /home/jason/CASA/install/px4_ros_com/lib/px4_ros_com/vehicle_gps_position_listener
[6.127s] -- Set runtime path of "/home/jason/CASA/install/px4_ros_com/lib/px4_ros_com/vehicle_gps_position_listener" to ""
[6.128s] -- Installing: /home/jason/CASA/install/px4_ros_com/lib/px4_ros_com/debug_vect_advertiser
[6.128s] -- Set runtime path of "/home/jason/CASA/install/px4_ros_com/lib/px4_ros_com/debug_vect_advertiser" to ""
[6.128s] -- Installing: /home/jason/CASA/install/px4_ros_com/lib/px4_ros_com/offboard_control
[6.129s] -- Set runtime path of "/home/jason/CASA/install/px4_ros_com/lib/px4_ros_com/offboard_control" to ""
[6.129s] -- Installing: /home/jason/CASA/install/px4_ros_com/share/px4_ros_com/environment/library_path.sh
[6.129s] -- Installing: /home/jason/CASA/install/px4_ros_com/share/px4_ros_com/environment/library_path.dsv
[6.129s] -- Installing: /home/jason/CASA/install/px4_ros_com/include/px4_ros_com
[6.129s] -- Installing: /home/jason/CASA/install/px4_ros_com/include/px4_ros_com/frame_transforms.h
[6.129s] -- Installing: /home/jason/CASA/install/px4_ros_com/lib/libframe_transforms.so
[6.131s] -- Set runtime path of "/home/jason/CASA/install/px4_ros_com/lib/libframe_transforms.so" to ""
[6.131s] -- Installing: /home/jason/CASA/install/px4_ros_com/share/px4_ros_com//launch
[6.131s] -- Installing: /home/jason/CASA/install/px4_ros_com/share/px4_ros_com//launch/offboard_control_launch.yaml
[6.131s] -- Installing: /home/jason/CASA/install/px4_ros_com/share/px4_ros_com//launch/sensor_combined_listener.launch.py
[6.131s] -- Installing: /home/jason/CASA/install/px4_ros_com/share/px4_ros_com//test
[6.131s] -- Installing: /home/jason/CASA/install/px4_ros_com/share/px4_ros_com//test/test_input.py
[6.132s] -- Installing: /home/jason/CASA/install/px4_ros_com/share/px4_ros_com//test/test_output.py
[6.132s] -- Installing: /home/jason/CASA/install/px4_ros_com/share/px4_ros_com//test/pipeline_io_test.py
[6.132s] -- Installing: /home/jason/CASA/install/px4_ros_com/share/px4_ros_com//test/__init__.py
[6.132s] -- Installing: /home/jason/CASA/install/px4_ros_com/share/ament_index/resource_index/package_run_dependencies/px4_ros_com
[6.132s] -- Installing: /home/jason/CASA/install/px4_ros_com/share/ament_index/resource_index/parent_prefix_path/px4_ros_com
[6.132s] -- Installing: /home/jason/CASA/install/px4_ros_com/share/px4_ros_com/environment/ament_prefix_path.sh
[6.132s] -- Installing: /home/jason/CASA/install/px4_ros_com/share/px4_ros_com/environment/ament_prefix_path.dsv
[6.132s] -- Installing: /home/jason/CASA/install/px4_ros_com/share/px4_ros_com/environment/path.sh
[6.132s] -- Installing: /home/jason/CASA/install/px4_ros_com/share/px4_ros_com/environment/path.dsv
[6.132s] -- Installing: /home/jason/CASA/install/px4_ros_com/share/px4_ros_com/local_setup.bash
[6.132s] -- Installing: /home/jason/CASA/install/px4_ros_com/share/px4_ros_com/local_setup.sh
[6.132s] -- Installing: /home/jason/CASA/install/px4_ros_com/share/px4_ros_com/local_setup.zsh
[6.132s] -- Installing: /home/jason/CASA/install/px4_ros_com/share/px4_ros_com/local_setup.dsv
[6.132s] -- Installing: /home/jason/CASA/install/px4_ros_com/share/px4_ros_com/package.dsv
[6.132s] -- Installing: /home/jason/CASA/install/px4_ros_com/share/ament_index/resource_index/packages/px4_ros_com
[6.132s] -- Installing: /home/jason/CASA/install/px4_ros_com/share/px4_ros_com/cmake/export_frame_transformsExport.cmake
[6.132s] -- Installing: /home/jason/CASA/install/px4_ros_com/share/px4_ros_com/cmake/export_frame_transformsExport-noconfig.cmake
[6.132s] -- Installing: /home/jason/CASA/install/px4_ros_com/share/px4_ros_com/cmake/ament_cmake_export_dependencies-extras.cmake
[6.133s] -- Installing: /home/jason/CASA/install/px4_ros_com/share/px4_ros_com/cmake/ament_cmake_export_targets-extras.cmake
[6.133s] -- Installing: /home/jason/CASA/install/px4_ros_com/share/px4_ros_com/cmake/ament_cmake_export_include_directories-extras.cmake
[6.133s] -- Installing: /home/jason/CASA/install/px4_ros_com/share/px4_ros_com/cmake/ament_cmake_export_libraries-extras.cmake
[6.133s] -- Installing: /home/jason/CASA/install/px4_ros_com/share/px4_ros_com/cmake/px4_ros_comConfig.cmake
[6.133s] -- Installing: /home/jason/CASA/install/px4_ros_com/share/px4_ros_com/cmake/px4_ros_comConfig-version.cmake
[6.133s] -- Installing: /home/jason/CASA/install/px4_ros_com/share/px4_ros_com/package.xml
[6.135s] Invoked command in '/home/jason/CASA/build/px4_ros_com' returned '0': AMENT_PREFIX_PATH=/home/jason/CASA/install/px4_msgs:${AMENT_PREFIX_PATH} CMAKE_PREFIX_PATH=/home/jason/CASA/install/px4_msgs:/opt/ros/humble LD_LIBRARY_PATH=/home/jason/CASA/install/px4_msgs/lib:${LD_LIBRARY_PATH} PYTHONPATH=/home/jason/CASA/install/px4_msgs/local/lib/python3.10/dist-packages:${PYTHONPATH} /usr/bin/cmake --install /home/jason/CASA/build/px4_ros_com
