[0.230s] DEBUG:colcon:Command line arguments: ['/usr/bin/colcon', 'build']
[0.230s] DEBUG:colcon:Parsed command line arguments: Namespace(log_base=None, log_level=None, verb_name='build', build_base='build', install_base='install', merge_install=False, symlink_install=False, test_result_base=None, continue_on_error=False, executor='parallel', parallel_workers=24, event_handlers=None, ignore_user_meta=False, metas=['./colcon.meta'], base_paths=['.'], packages_ignore=None, packages_ignore_regex=None, paths=None, packages_up_to=None, packages_up_to_regex=None, packages_above=None, packages_above_and_dependencies=None, packages_above_depth=None, packages_select_by_dep=None, packages_skip_by_dep=None, packages_skip_up_to=None, packages_select_build_failed=False, packages_skip_build_finished=False, packages_select_test_failures=False, packages_skip_test_passed=False, packages_select=None, packages_skip=None, packages_select_regex=None, packages_skip_regex=None, packages_start=None, packages_end=None, allow_overriding=[], cmake_args=None, cmake_target=None, cmake_target_skip_unavailable=False, cmake_clean_cache=False, cmake_clean_first=False, cmake_force_configure=False, ament_cmake_args=None, catkin_cmake_args=None, catkin_skip_building_tests=False, verb_parser=<colcon_defaults.argument_parser.defaults.DefaultArgumentsDecorator object at 0x7f46003404f0>, verb_extension=<colcon_core.verb.build.BuildVerb object at 0x7f4600e34d00>, main=<bound method BuildVerb.main of <colcon_core.verb.build.BuildVerb object at 0x7f4600e34d00>>)
[0.260s] Level 1:colcon.colcon_core.package_discovery:discover_packages(colcon_meta) check parameters
[0.260s] Level 1:colcon.colcon_core.package_discovery:discover_packages(recursive) check parameters
[0.260s] Level 1:colcon.colcon_core.package_discovery:discover_packages(ignore) check parameters
[0.260s] Level 1:colcon.colcon_core.package_discovery:discover_packages(path) check parameters
[0.260s] Level 1:colcon.colcon_core.package_discovery:discover_packages(colcon_meta) discover
[0.260s] Level 1:colcon.colcon_core.package_discovery:discover_packages(recursive) discover
[0.260s] INFO:colcon.colcon_core.package_discovery:Crawling recursively for packages in '/home/jason/CASA'
[0.260s] Level 1:colcon.colcon_core.package_identification:_identify(.) by extensions ['ignore', 'ignore_ament_install']
[0.260s] Level 1:colcon.colcon_core.package_identification:_identify(.) by extension 'ignore'
[0.260s] Level 1:colcon.colcon_core.package_identification:_identify(.) by extension 'ignore_ament_install'
[0.260s] Level 1:colcon.colcon_core.package_identification:_identify(.) by extensions ['colcon_pkg']
[0.260s] Level 1:colcon.colcon_core.package_identification:_identify(.) by extension 'colcon_pkg'
[0.260s] Level 1:colcon.colcon_core.package_identification:_identify(.) by extensions ['colcon_meta']
[0.261s] Level 1:colcon.colcon_core.package_identification:_identify(.) by extension 'colcon_meta'
[0.261s] Level 1:colcon.colcon_core.package_identification:_identify(.) by extensions ['ros']
[0.261s] Level 1:colcon.colcon_core.package_identification:_identify(.) by extension 'ros'
[0.269s] Level 1:colcon.colcon_core.package_identification:_identify(.) by extensions ['cmake', 'python']
[0.269s] Level 1:colcon.colcon_core.package_identification:_identify(.) by extension 'cmake'
[0.269s] Level 1:colcon.colcon_core.package_identification:_identify(.) by extension 'python'
[0.269s] Level 1:colcon.colcon_core.package_identification:_identify(.) by extensions ['python_setup_py']
[0.269s] Level 1:colcon.colcon_core.package_identification:_identify(.) by extension 'python_setup_py'
[0.269s] Level 1:colcon.colcon_core.package_identification:_identify(build) by extensions ['ignore', 'ignore_ament_install']
[0.269s] Level 1:colcon.colcon_core.package_identification:_identify(build) by extension 'ignore'
[0.269s] Level 1:colcon.colcon_core.package_identification:_identify(build) ignored
[0.269s] Level 1:colcon.colcon_core.package_identification:_identify(docs) by extensions ['ignore', 'ignore_ament_install']
[0.269s] Level 1:colcon.colcon_core.package_identification:_identify(docs) by extension 'ignore'
[0.269s] Level 1:colcon.colcon_core.package_identification:_identify(docs) by extension 'ignore_ament_install'
[0.269s] Level 1:colcon.colcon_core.package_identification:_identify(docs) by extensions ['colcon_pkg']
[0.269s] Level 1:colcon.colcon_core.package_identification:_identify(docs) by extension 'colcon_pkg'
[0.269s] Level 1:colcon.colcon_core.package_identification:_identify(docs) by extensions ['colcon_meta']
[0.269s] Level 1:colcon.colcon_core.package_identification:_identify(docs) by extension 'colcon_meta'
[0.269s] Level 1:colcon.colcon_core.package_identification:_identify(docs) by extensions ['ros']
[0.269s] Level 1:colcon.colcon_core.package_identification:_identify(docs) by extension 'ros'
[0.269s] Level 1:colcon.colcon_core.package_identification:_identify(docs) by extensions ['cmake', 'python']
[0.269s] Level 1:colcon.colcon_core.package_identification:_identify(docs) by extension 'cmake'
[0.269s] Level 1:colcon.colcon_core.package_identification:_identify(docs) by extension 'python'
[0.269s] Level 1:colcon.colcon_core.package_identification:_identify(docs) by extensions ['python_setup_py']
[0.269s] Level 1:colcon.colcon_core.package_identification:_identify(docs) by extension 'python_setup_py'
[0.269s] Level 1:colcon.colcon_core.package_identification:_identify(install) by extensions ['ignore', 'ignore_ament_install']
[0.269s] Level 1:colcon.colcon_core.package_identification:_identify(install) by extension 'ignore'
[0.269s] Level 1:colcon.colcon_core.package_identification:_identify(install) ignored
[0.269s] Level 1:colcon.colcon_core.package_identification:_identify(log) by extensions ['ignore', 'ignore_ament_install']
[0.270s] Level 1:colcon.colcon_core.package_identification:_identify(log) by extension 'ignore'
[0.270s] Level 1:colcon.colcon_core.package_identification:_identify(log) ignored
[0.270s] Level 1:colcon.colcon_core.package_identification:_identify(mavros2) by extensions ['ignore', 'ignore_ament_install']
[0.270s] Level 1:colcon.colcon_core.package_identification:_identify(mavros2) by extension 'ignore'
[0.270s] Level 1:colcon.colcon_core.package_identification:_identify(mavros2) by extension 'ignore_ament_install'
[0.270s] Level 1:colcon.colcon_core.package_identification:_identify(mavros2) by extensions ['colcon_pkg']
[0.270s] Level 1:colcon.colcon_core.package_identification:_identify(mavros2) by extension 'colcon_pkg'
[0.270s] Level 1:colcon.colcon_core.package_identification:_identify(mavros2) by extensions ['colcon_meta']
[0.270s] Level 1:colcon.colcon_core.package_identification:_identify(mavros2) by extension 'colcon_meta'
[0.270s] Level 1:colcon.colcon_core.package_identification:_identify(mavros2) by extensions ['ros']
[0.270s] Level 1:colcon.colcon_core.package_identification:_identify(mavros2) by extension 'ros'
[0.270s] Level 1:colcon.colcon_core.package_identification:_identify(mavros2) by extensions ['cmake', 'python']
[0.270s] Level 1:colcon.colcon_core.package_identification:_identify(mavros2) by extension 'cmake'
[0.270s] Level 1:colcon.colcon_core.package_identification:_identify(mavros2) by extension 'python'
[0.270s] Level 1:colcon.colcon_core.package_identification:_identify(mavros2) by extensions ['python_setup_py']
[0.270s] Level 1:colcon.colcon_core.package_identification:_identify(mavros2) by extension 'python_setup_py'
[0.270s] Level 1:colcon.colcon_core.package_identification:_identify(src) by extensions ['ignore', 'ignore_ament_install']
[0.270s] Level 1:colcon.colcon_core.package_identification:_identify(src) by extension 'ignore'
[0.270s] Level 1:colcon.colcon_core.package_identification:_identify(src) by extension 'ignore_ament_install'
[0.270s] Level 1:colcon.colcon_core.package_identification:_identify(src) by extensions ['colcon_pkg']
[0.270s] Level 1:colcon.colcon_core.package_identification:_identify(src) by extension 'colcon_pkg'
[0.270s] Level 1:colcon.colcon_core.package_identification:_identify(src) by extensions ['colcon_meta']
[0.270s] Level 1:colcon.colcon_core.package_identification:_identify(src) by extension 'colcon_meta'
[0.270s] Level 1:colcon.colcon_core.package_identification:_identify(src) by extensions ['ros']
[0.270s] Level 1:colcon.colcon_core.package_identification:_identify(src) by extension 'ros'
[0.270s] Level 1:colcon.colcon_core.package_identification:_identify(src) by extensions ['cmake', 'python']
[0.270s] Level 1:colcon.colcon_core.package_identification:_identify(src) by extension 'cmake'
[0.270s] Level 1:colcon.colcon_core.package_identification:_identify(src) by extension 'python'
[0.270s] Level 1:colcon.colcon_core.package_identification:_identify(src) by extensions ['python_setup_py']
[0.270s] Level 1:colcon.colcon_core.package_identification:_identify(src) by extension 'python_setup_py'
[0.270s] Level 1:colcon.colcon_core.package_identification:_identify(src/casa_startup) by extensions ['ignore', 'ignore_ament_install']
[0.270s] Level 1:colcon.colcon_core.package_identification:_identify(src/casa_startup) by extension 'ignore'
[0.270s] Level 1:colcon.colcon_core.package_identification:_identify(src/casa_startup) by extension 'ignore_ament_install'
[0.271s] Level 1:colcon.colcon_core.package_identification:_identify(src/casa_startup) by extensions ['colcon_pkg']
[0.271s] Level 1:colcon.colcon_core.package_identification:_identify(src/casa_startup) by extension 'colcon_pkg'
[0.271s] Level 1:colcon.colcon_core.package_identification:_identify(src/casa_startup) by extensions ['colcon_meta']
[0.271s] Level 1:colcon.colcon_core.package_identification:_identify(src/casa_startup) by extension 'colcon_meta'
[0.271s] Level 1:colcon.colcon_core.package_identification:_identify(src/casa_startup) by extensions ['ros']
[0.271s] Level 1:colcon.colcon_core.package_identification:_identify(src/casa_startup) by extension 'ros'
[0.272s] DEBUG:colcon.colcon_core.package_identification:Package 'src/casa_startup' with type 'ros.ament_python' and name 'casa_startup'
[0.272s] Level 1:colcon.colcon_core.package_identification:_identify(src/communication) by extensions ['ignore', 'ignore_ament_install']
[0.273s] Level 1:colcon.colcon_core.package_identification:_identify(src/communication) by extension 'ignore'
[0.273s] Level 1:colcon.colcon_core.package_identification:_identify(src/communication) by extension 'ignore_ament_install'
[0.273s] Level 1:colcon.colcon_core.package_identification:_identify(src/communication) by extensions ['colcon_pkg']
[0.273s] Level 1:colcon.colcon_core.package_identification:_identify(src/communication) by extension 'colcon_pkg'
[0.273s] Level 1:colcon.colcon_core.package_identification:_identify(src/communication) by extensions ['colcon_meta']
[0.273s] Level 1:colcon.colcon_core.package_identification:_identify(src/communication) by extension 'colcon_meta'
[0.273s] Level 1:colcon.colcon_core.package_identification:_identify(src/communication) by extensions ['ros']
[0.273s] Level 1:colcon.colcon_core.package_identification:_identify(src/communication) by extension 'ros'
[0.273s] Level 1:colcon.colcon_core.package_identification:_identify(src/communication) by extensions ['cmake', 'python']
[0.273s] Level 1:colcon.colcon_core.package_identification:_identify(src/communication) by extension 'cmake'
[0.273s] Level 1:colcon.colcon_core.package_identification:_identify(src/communication) by extension 'python'
[0.273s] Level 1:colcon.colcon_core.package_identification:_identify(src/communication) by extensions ['python_setup_py']
[0.273s] Level 1:colcon.colcon_core.package_identification:_identify(src/communication) by extension 'python_setup_py'
[0.273s] Level 1:colcon.colcon_core.package_identification:_identify(src/communication/px4_msgs) by extensions ['ignore', 'ignore_ament_install']
[0.273s] Level 1:colcon.colcon_core.package_identification:_identify(src/communication/px4_msgs) by extension 'ignore'
[0.273s] Level 1:colcon.colcon_core.package_identification:_identify(src/communication/px4_msgs) by extension 'ignore_ament_install'
[0.273s] Level 1:colcon.colcon_core.package_identification:_identify(src/communication/px4_msgs) by extensions ['colcon_pkg']
[0.273s] Level 1:colcon.colcon_core.package_identification:_identify(src/communication/px4_msgs) by extension 'colcon_pkg'
[0.273s] Level 1:colcon.colcon_core.package_identification:_identify(src/communication/px4_msgs) by extensions ['colcon_meta']
[0.273s] Level 1:colcon.colcon_core.package_identification:_identify(src/communication/px4_msgs) by extension 'colcon_meta'
[0.273s] Level 1:colcon.colcon_core.package_identification:_identify(src/communication/px4_msgs) by extensions ['ros']
[0.273s] Level 1:colcon.colcon_core.package_identification:_identify(src/communication/px4_msgs) by extension 'ros'
[0.274s] DEBUG:colcon.colcon_core.package_identification:Package 'src/communication/px4_msgs' with type 'ros.ament_cmake' and name 'px4_msgs'
[0.274s] Level 1:colcon.colcon_core.package_identification:_identify(src/communication/px4_ros_com) by extensions ['ignore', 'ignore_ament_install']
[0.274s] Level 1:colcon.colcon_core.package_identification:_identify(src/communication/px4_ros_com) by extension 'ignore'
[0.274s] Level 1:colcon.colcon_core.package_identification:_identify(src/communication/px4_ros_com) by extension 'ignore_ament_install'
[0.274s] Level 1:colcon.colcon_core.package_identification:_identify(src/communication/px4_ros_com) by extensions ['colcon_pkg']
[0.274s] Level 1:colcon.colcon_core.package_identification:_identify(src/communication/px4_ros_com) by extension 'colcon_pkg'
[0.274s] Level 1:colcon.colcon_core.package_identification:_identify(src/communication/px4_ros_com) by extensions ['colcon_meta']
[0.274s] Level 1:colcon.colcon_core.package_identification:_identify(src/communication/px4_ros_com) by extension 'colcon_meta'
[0.274s] Level 1:colcon.colcon_core.package_identification:_identify(src/communication/px4_ros_com) by extensions ['ros']
[0.274s] Level 1:colcon.colcon_core.package_identification:_identify(src/communication/px4_ros_com) by extension 'ros'
[0.275s] DEBUG:colcon.colcon_core.package_identification:Package 'src/communication/px4_ros_com' with type 'ros.ament_cmake' and name 'px4_ros_com'
[0.275s] Level 1:colcon.colcon_core.package_discovery:discover_packages(recursive) using defaults
[0.275s] Level 1:colcon.colcon_core.package_discovery:discover_packages(ignore) discover
[0.275s] Level 1:colcon.colcon_core.package_discovery:discover_packages(ignore) using defaults
[0.275s] Level 1:colcon.colcon_core.package_discovery:discover_packages(path) discover
[0.275s] Level 1:colcon.colcon_core.package_discovery:discover_packages(path) using defaults
[0.287s] Level 1:colcon.colcon_core.package_discovery:discover_packages(prefix_path) check parameters
[0.287s] Level 1:colcon.colcon_core.package_discovery:discover_packages(prefix_path) discover
[0.289s] DEBUG:colcon.colcon_installed_package_information.package_discovery:Found 313 installed packages in /opt/ros/humble
[0.290s] Level 1:colcon.colcon_core.package_discovery:discover_packages(prefix_path) using defaults
[0.327s] Level 5:colcon.colcon_core.verb:set package 'casa_startup' build argument 'cmake_args' from command line to 'None'
[0.327s] Level 5:colcon.colcon_core.verb:set package 'casa_startup' build argument 'cmake_target' from command line to 'None'
[0.327s] Level 5:colcon.colcon_core.verb:set package 'casa_startup' build argument 'cmake_target_skip_unavailable' from command line to 'False'
[0.327s] Level 5:colcon.colcon_core.verb:set package 'casa_startup' build argument 'cmake_clean_cache' from command line to 'False'
[0.327s] Level 5:colcon.colcon_core.verb:set package 'casa_startup' build argument 'cmake_clean_first' from command line to 'False'
[0.327s] Level 5:colcon.colcon_core.verb:set package 'casa_startup' build argument 'cmake_force_configure' from command line to 'False'
[0.327s] Level 5:colcon.colcon_core.verb:set package 'casa_startup' build argument 'ament_cmake_args' from command line to 'None'
[0.327s] Level 5:colcon.colcon_core.verb:set package 'casa_startup' build argument 'catkin_cmake_args' from command line to 'None'
[0.327s] Level 5:colcon.colcon_core.verb:set package 'casa_startup' build argument 'catkin_skip_building_tests' from command line to 'False'
[0.327s] DEBUG:colcon.colcon_core.verb:Building package 'casa_startup' with the following arguments: {'ament_cmake_args': None, 'build_base': '/home/jason/CASA/build/casa_startup', 'catkin_cmake_args': None, 'catkin_skip_building_tests': False, 'cmake_args': None, 'cmake_clean_cache': False, 'cmake_clean_first': False, 'cmake_force_configure': False, 'cmake_target': None, 'cmake_target_skip_unavailable': False, 'install_base': '/home/jason/CASA/install/casa_startup', 'merge_install': False, 'path': '/home/jason/CASA/src/casa_startup', 'symlink_install': False, 'test_result_base': None}
[0.327s] Level 5:colcon.colcon_core.verb:set package 'px4_msgs' build argument 'cmake_args' from command line to 'None'
[0.327s] Level 5:colcon.colcon_core.verb:set package 'px4_msgs' build argument 'cmake_target' from command line to 'None'
[0.327s] Level 5:colcon.colcon_core.verb:set package 'px4_msgs' build argument 'cmake_target_skip_unavailable' from command line to 'False'
[0.327s] Level 5:colcon.colcon_core.verb:set package 'px4_msgs' build argument 'cmake_clean_cache' from command line to 'False'
[0.327s] Level 5:colcon.colcon_core.verb:set package 'px4_msgs' build argument 'cmake_clean_first' from command line to 'False'
[0.327s] Level 5:colcon.colcon_core.verb:set package 'px4_msgs' build argument 'cmake_force_configure' from command line to 'False'
[0.327s] Level 5:colcon.colcon_core.verb:set package 'px4_msgs' build argument 'ament_cmake_args' from command line to 'None'
[0.327s] Level 5:colcon.colcon_core.verb:set package 'px4_msgs' build argument 'catkin_cmake_args' from command line to 'None'
[0.327s] Level 5:colcon.colcon_core.verb:set package 'px4_msgs' build argument 'catkin_skip_building_tests' from command line to 'False'
[0.327s] DEBUG:colcon.colcon_core.verb:Building package 'px4_msgs' with the following arguments: {'ament_cmake_args': None, 'build_base': '/home/jason/CASA/build/px4_msgs', 'catkin_cmake_args': None, 'catkin_skip_building_tests': False, 'cmake_args': None, 'cmake_clean_cache': False, 'cmake_clean_first': False, 'cmake_force_configure': False, 'cmake_target': None, 'cmake_target_skip_unavailable': False, 'install_base': '/home/jason/CASA/install/px4_msgs', 'merge_install': False, 'path': '/home/jason/CASA/src/communication/px4_msgs', 'symlink_install': False, 'test_result_base': None}
[0.328s] Level 5:colcon.colcon_core.verb:set package 'px4_ros_com' build argument 'cmake_args' from command line to 'None'
[0.328s] Level 5:colcon.colcon_core.verb:set package 'px4_ros_com' build argument 'cmake_target' from command line to 'None'
[0.328s] Level 5:colcon.colcon_core.verb:set package 'px4_ros_com' build argument 'cmake_target_skip_unavailable' from command line to 'False'
[0.328s] Level 5:colcon.colcon_core.verb:set package 'px4_ros_com' build argument 'cmake_clean_cache' from command line to 'False'
[0.328s] Level 5:colcon.colcon_core.verb:set package 'px4_ros_com' build argument 'cmake_clean_first' from command line to 'False'
[0.328s] Level 5:colcon.colcon_core.verb:set package 'px4_ros_com' build argument 'cmake_force_configure' from command line to 'False'
[0.328s] Level 5:colcon.colcon_core.verb:set package 'px4_ros_com' build argument 'ament_cmake_args' from command line to 'None'
[0.328s] Level 5:colcon.colcon_core.verb:set package 'px4_ros_com' build argument 'catkin_cmake_args' from command line to 'None'
[0.328s] Level 5:colcon.colcon_core.verb:set package 'px4_ros_com' build argument 'catkin_skip_building_tests' from command line to 'False'
[0.328s] DEBUG:colcon.colcon_core.verb:Building package 'px4_ros_com' with the following arguments: {'ament_cmake_args': None, 'build_base': '/home/jason/CASA/build/px4_ros_com', 'catkin_cmake_args': None, 'catkin_skip_building_tests': False, 'cmake_args': None, 'cmake_clean_cache': False, 'cmake_clean_first': False, 'cmake_force_configure': False, 'cmake_target': None, 'cmake_target_skip_unavailable': False, 'install_base': '/home/jason/CASA/install/px4_ros_com', 'merge_install': False, 'path': '/home/jason/CASA/src/communication/px4_ros_com', 'symlink_install': False, 'test_result_base': None}
[0.328s] INFO:colcon.colcon_core.executor:Executing jobs using 'parallel' executor
[0.331s] DEBUG:colcon.colcon_parallel_executor.executor.parallel:run_until_complete
[0.331s] INFO:colcon.colcon_ros.task.ament_cmake.build:Building ROS package in '/home/jason/CASA/src/communication/px4_msgs' with build type 'ament_cmake'
[0.331s] INFO:colcon.colcon_cmake.task.cmake.build:Building CMake package in '/home/jason/CASA/src/communication/px4_msgs'
[0.333s] INFO:colcon.colcon_core.plugin_system:Skipping extension 'colcon_core.shell.bat': Not used on non-Windows systems
[0.334s] INFO:colcon.colcon_core.shell:Skip shell extension 'powershell' for command environment: Not usable outside of PowerShell
[0.334s] DEBUG:colcon.colcon_core.shell:Skip shell extension 'dsv' for command environment
[0.336s] INFO:colcon.colcon_ros.task.ament_python.build:Building ROS package in '/home/jason/CASA/src/casa_startup' with build type 'ament_python'
[0.336s] Level 1:colcon.colcon_core.shell:create_environment_hook('casa_startup', 'ament_prefix_path')
[0.336s] INFO:colcon.colcon_core.shell:Creating environment hook '/home/jason/CASA/install/casa_startup/share/casa_startup/hook/ament_prefix_path.ps1'
[0.337s] INFO:colcon.colcon_core.shell:Creating environment descriptor '/home/jason/CASA/install/casa_startup/share/casa_startup/hook/ament_prefix_path.dsv'
[0.337s] INFO:colcon.colcon_core.shell:Creating environment hook '/home/jason/CASA/install/casa_startup/share/casa_startup/hook/ament_prefix_path.sh'
[0.338s] INFO:colcon.colcon_core.shell:Skip shell extension 'powershell' for command environment: Not usable outside of PowerShell
[0.338s] DEBUG:colcon.colcon_core.shell:Skip shell extension 'dsv' for command environment
[0.342s] DEBUG:colcon.colcon_core.event_handler.log_command:Invoking command in '/home/jason/CASA/build/px4_msgs': CMAKE_PREFIX_PATH=/opt/ros/humble /usr/bin/cmake /home/jason/CASA/src/communication/px4_msgs -DCMAKE_INSTALL_PREFIX=/home/jason/CASA/install/px4_msgs
[0.526s] INFO:colcon.colcon_core.task.python.build:Building Python package in '/home/jason/CASA/src/casa_startup'
[0.527s] INFO:colcon.colcon_core.shell:Skip shell extension 'powershell' for command environment: Not usable outside of PowerShell
[0.527s] DEBUG:colcon.colcon_core.shell:Skip shell extension 'dsv' for command environment
[0.832s] DEBUG:colcon.colcon_core.event_handler.log_command:Invoking command in '/home/jason/CASA/src/casa_startup': PYTHONPATH=/home/jason/CASA/install/casa_startup/lib/python3.10/site-packages:${PYTHONPATH} /usr/bin/python3 setup.py egg_info --egg-base ../../build/casa_startup build --build-base /home/jason/CASA/build/casa_startup/build install --prefix /home/jason/CASA/install/casa_startup --record /home/jason/CASA/build/casa_startup/install.log --single-version-externally-managed
[1.121s] DEBUG:colcon.colcon_core.event_handler.log_command:Invoked command in '/home/jason/CASA/src/casa_startup' returned '0': PYTHONPATH=/home/jason/CASA/install/casa_startup/lib/python3.10/site-packages:${PYTHONPATH} /usr/bin/python3 setup.py egg_info --egg-base ../../build/casa_startup build --build-base /home/jason/CASA/build/casa_startup/build install --prefix /home/jason/CASA/install/casa_startup --record /home/jason/CASA/build/casa_startup/install.log --single-version-externally-managed
[1.124s] Level 1:colcon.colcon_core.environment:checking '/home/jason/CASA/install/casa_startup' for CMake module files
[1.125s] Level 1:colcon.colcon_core.environment:checking '/home/jason/CASA/install/casa_startup' for CMake config files
[1.125s] Level 1:colcon.colcon_core.environment:checking '/home/jason/CASA/install/casa_startup/lib'
[1.125s] Level 1:colcon.colcon_core.environment:checking '/home/jason/CASA/install/casa_startup/bin'
[1.125s] Level 1:colcon.colcon_core.environment:checking '/home/jason/CASA/install/casa_startup/lib/pkgconfig/casa_startup.pc'
[1.126s] Level 1:colcon.colcon_core.environment:checking '/home/jason/CASA/install/casa_startup/lib/python3.10/site-packages'
[1.126s] Level 1:colcon.colcon_core.shell:create_environment_hook('casa_startup', 'pythonpath')
[1.127s] INFO:colcon.colcon_core.shell:Creating environment hook '/home/jason/CASA/install/casa_startup/share/casa_startup/hook/pythonpath.ps1'
[1.127s] INFO:colcon.colcon_core.shell:Creating environment descriptor '/home/jason/CASA/install/casa_startup/share/casa_startup/hook/pythonpath.dsv'
[1.127s] INFO:colcon.colcon_core.shell:Creating environment hook '/home/jason/CASA/install/casa_startup/share/casa_startup/hook/pythonpath.sh'
[1.128s] Level 1:colcon.colcon_core.environment:checking '/home/jason/CASA/install/casa_startup/bin'
[1.128s] Level 1:colcon.colcon_core.environment:create_environment_scripts_only(casa_startup)
[1.129s] INFO:colcon.colcon_core.shell:Creating package script '/home/jason/CASA/install/casa_startup/share/casa_startup/package.ps1'
[1.130s] INFO:colcon.colcon_core.shell:Creating package descriptor '/home/jason/CASA/install/casa_startup/share/casa_startup/package.dsv'
[1.130s] INFO:colcon.colcon_core.shell:Creating package script '/home/jason/CASA/install/casa_startup/share/casa_startup/package.sh'
[1.131s] INFO:colcon.colcon_core.shell:Creating package script '/home/jason/CASA/install/casa_startup/share/casa_startup/package.bash'
[1.131s] INFO:colcon.colcon_core.shell:Creating package script '/home/jason/CASA/install/casa_startup/share/casa_startup/package.zsh'
[1.132s] Level 1:colcon.colcon_core.environment:create_file_with_runtime_dependencies(/home/jason/CASA/install/casa_startup/share/colcon-core/packages/casa_startup)
[2.494s] DEBUG:colcon.colcon_core.event_handler.log_command:Invoked command in '/home/jason/CASA/build/px4_msgs' returned '0': CMAKE_PREFIX_PATH=/opt/ros/humble /usr/bin/cmake /home/jason/CASA/src/communication/px4_msgs -DCMAKE_INSTALL_PREFIX=/home/jason/CASA/install/px4_msgs
[2.496s] DEBUG:colcon.colcon_core.event_handler.log_command:Invoking command in '/home/jason/CASA/build/px4_msgs': CMAKE_PREFIX_PATH=/opt/ros/humble /usr/bin/cmake --build /home/jason/CASA/build/px4_msgs -- -j24 -l24
[89.128s] DEBUG:colcon.colcon_core.event_handler.log_command:Invoked command in '/home/jason/CASA/build/px4_msgs' returned '0': CMAKE_PREFIX_PATH=/opt/ros/humble /usr/bin/cmake --build /home/jason/CASA/build/px4_msgs -- -j24 -l24
[90.384s] DEBUG:colcon.colcon_core.event_handler.log_command:Invoking command in '/home/jason/CASA/build/px4_msgs': CMAKE_PREFIX_PATH=/opt/ros/humble /usr/bin/cmake --install /home/jason/CASA/build/px4_msgs
[90.812s] Level 1:colcon.colcon_core.environment:create_environment_scripts_only(px4_msgs)
[90.812s] DEBUG:colcon.colcon_core.event_handler.log_command:Invoked command in '/home/jason/CASA/build/px4_msgs' returned '0': CMAKE_PREFIX_PATH=/opt/ros/humble /usr/bin/cmake --install /home/jason/CASA/build/px4_msgs
[90.813s] Level 1:colcon.colcon_core.environment:checking '/home/jason/CASA/install/px4_msgs' for CMake module files
[90.813s] Level 1:colcon.colcon_core.environment:checking '/home/jason/CASA/install/px4_msgs' for CMake config files
[90.814s] Level 1:colcon.colcon_core.shell:create_environment_hook('px4_msgs', 'cmake_prefix_path')
[90.814s] INFO:colcon.colcon_core.shell:Creating environment hook '/home/jason/CASA/install/px4_msgs/share/px4_msgs/hook/cmake_prefix_path.ps1'
[90.815s] INFO:colcon.colcon_core.shell:Creating environment descriptor '/home/jason/CASA/install/px4_msgs/share/px4_msgs/hook/cmake_prefix_path.dsv'
[90.815s] INFO:colcon.colcon_core.shell:Creating environment hook '/home/jason/CASA/install/px4_msgs/share/px4_msgs/hook/cmake_prefix_path.sh'
[90.815s] Level 1:colcon.colcon_core.environment:checking '/home/jason/CASA/install/px4_msgs/lib'
[90.815s] Level 1:colcon.colcon_core.shell:create_environment_hook('px4_msgs', 'ld_library_path_lib')
[90.816s] INFO:colcon.colcon_core.shell:Creating environment hook '/home/jason/CASA/install/px4_msgs/share/px4_msgs/hook/ld_library_path_lib.ps1'
[90.816s] INFO:colcon.colcon_core.shell:Creating environment descriptor '/home/jason/CASA/install/px4_msgs/share/px4_msgs/hook/ld_library_path_lib.dsv'
[90.816s] INFO:colcon.colcon_core.shell:Creating environment hook '/home/jason/CASA/install/px4_msgs/share/px4_msgs/hook/ld_library_path_lib.sh'
[90.816s] Level 1:colcon.colcon_core.environment:checking '/home/jason/CASA/install/px4_msgs/bin'
[90.816s] Level 1:colcon.colcon_core.environment:checking '/home/jason/CASA/install/px4_msgs/lib/pkgconfig/px4_msgs.pc'
[90.816s] Level 1:colcon.colcon_core.environment:checking '/home/jason/CASA/install/px4_msgs/lib/python3.10/site-packages'
[90.817s] Level 1:colcon.colcon_core.environment:checking '/home/jason/CASA/install/px4_msgs/bin'
[90.817s] INFO:colcon.colcon_core.shell:Creating package script '/home/jason/CASA/install/px4_msgs/share/px4_msgs/package.ps1'
[90.818s] INFO:colcon.colcon_core.shell:Creating package descriptor '/home/jason/CASA/install/px4_msgs/share/px4_msgs/package.dsv'
[90.818s] INFO:colcon.colcon_core.shell:Creating package script '/home/jason/CASA/install/px4_msgs/share/px4_msgs/package.sh'
[90.818s] INFO:colcon.colcon_core.shell:Creating package script '/home/jason/CASA/install/px4_msgs/share/px4_msgs/package.bash'
[90.818s] INFO:colcon.colcon_core.shell:Creating package script '/home/jason/CASA/install/px4_msgs/share/px4_msgs/package.zsh'
[90.818s] Level 1:colcon.colcon_core.environment:create_file_with_runtime_dependencies(/home/jason/CASA/install/px4_msgs/share/colcon-core/packages/px4_msgs)
[92.062s] Level 1:colcon.colcon_core.environment:create_environment_scripts_only(px4_msgs)
[92.063s] Level 1:colcon.colcon_core.environment:checking '/home/jason/CASA/install/px4_msgs' for CMake module files
[92.064s] Level 1:colcon.colcon_core.environment:checking '/home/jason/CASA/install/px4_msgs' for CMake config files
[92.064s] Level 1:colcon.colcon_core.shell:create_environment_hook('px4_msgs', 'cmake_prefix_path')
[92.064s] INFO:colcon.colcon_core.shell:Creating environment hook '/home/jason/CASA/install/px4_msgs/share/px4_msgs/hook/cmake_prefix_path.ps1'
[92.065s] INFO:colcon.colcon_core.shell:Creating environment descriptor '/home/jason/CASA/install/px4_msgs/share/px4_msgs/hook/cmake_prefix_path.dsv'
[92.065s] INFO:colcon.colcon_core.shell:Creating environment hook '/home/jason/CASA/install/px4_msgs/share/px4_msgs/hook/cmake_prefix_path.sh'
[92.065s] Level 1:colcon.colcon_core.environment:checking '/home/jason/CASA/install/px4_msgs/lib'
[92.065s] Level 1:colcon.colcon_core.shell:create_environment_hook('px4_msgs', 'ld_library_path_lib')
[92.066s] INFO:colcon.colcon_core.shell:Creating environment hook '/home/jason/CASA/install/px4_msgs/share/px4_msgs/hook/ld_library_path_lib.ps1'
[92.066s] INFO:colcon.colcon_core.shell:Creating environment descriptor '/home/jason/CASA/install/px4_msgs/share/px4_msgs/hook/ld_library_path_lib.dsv'
[92.066s] INFO:colcon.colcon_core.shell:Creating environment hook '/home/jason/CASA/install/px4_msgs/share/px4_msgs/hook/ld_library_path_lib.sh'
[92.066s] Level 1:colcon.colcon_core.environment:checking '/home/jason/CASA/install/px4_msgs/bin'
[92.066s] Level 1:colcon.colcon_core.environment:checking '/home/jason/CASA/install/px4_msgs/lib/pkgconfig/px4_msgs.pc'
[92.067s] Level 1:colcon.colcon_core.environment:checking '/home/jason/CASA/install/px4_msgs/lib/python3.10/site-packages'
[92.067s] Level 1:colcon.colcon_core.environment:checking '/home/jason/CASA/install/px4_msgs/bin'
[92.067s] INFO:colcon.colcon_core.shell:Creating package script '/home/jason/CASA/install/px4_msgs/share/px4_msgs/package.ps1'
[92.068s] INFO:colcon.colcon_core.shell:Creating package descriptor '/home/jason/CASA/install/px4_msgs/share/px4_msgs/package.dsv'
[92.068s] INFO:colcon.colcon_core.shell:Creating package script '/home/jason/CASA/install/px4_msgs/share/px4_msgs/package.sh'
[92.068s] INFO:colcon.colcon_core.shell:Creating package script '/home/jason/CASA/install/px4_msgs/share/px4_msgs/package.bash'
[92.068s] INFO:colcon.colcon_core.shell:Creating package script '/home/jason/CASA/install/px4_msgs/share/px4_msgs/package.zsh'
[92.068s] Level 1:colcon.colcon_core.environment:create_file_with_runtime_dependencies(/home/jason/CASA/install/px4_msgs/share/colcon-core/packages/px4_msgs)
[92.069s] INFO:colcon.colcon_ros.task.ament_cmake.build:Building ROS package in '/home/jason/CASA/src/communication/px4_ros_com' with build type 'ament_cmake'
[92.069s] INFO:colcon.colcon_cmake.task.cmake.build:Building CMake package in '/home/jason/CASA/src/communication/px4_ros_com'
[92.069s] INFO:colcon.colcon_core.shell:Skip shell extension 'powershell' for command environment: Not usable outside of PowerShell
[92.069s] DEBUG:colcon.colcon_core.shell:Skip shell extension 'dsv' for command environment
[92.074s] DEBUG:colcon.colcon_core.event_handler.log_command:Invoking command in '/home/jason/CASA/build/px4_ros_com': AMENT_PREFIX_PATH=/home/jason/CASA/install/px4_msgs:${AMENT_PREFIX_PATH} CMAKE_PREFIX_PATH=/home/jason/CASA/install/px4_msgs:/opt/ros/humble LD_LIBRARY_PATH=/home/jason/CASA/install/px4_msgs/lib:${LD_LIBRARY_PATH} PYTHONPATH=/home/jason/CASA/install/px4_msgs/local/lib/python3.10/dist-packages:${PYTHONPATH} /usr/bin/cmake /home/jason/CASA/src/communication/px4_ros_com -DCMAKE_INSTALL_PREFIX=/home/jason/CASA/install/px4_ros_com
[93.161s] DEBUG:colcon.colcon_core.event_handler.log_command:Invoked command in '/home/jason/CASA/build/px4_ros_com' returned '0': AMENT_PREFIX_PATH=/home/jason/CASA/install/px4_msgs:${AMENT_PREFIX_PATH} CMAKE_PREFIX_PATH=/home/jason/CASA/install/px4_msgs:/opt/ros/humble LD_LIBRARY_PATH=/home/jason/CASA/install/px4_msgs/lib:${LD_LIBRARY_PATH} PYTHONPATH=/home/jason/CASA/install/px4_msgs/local/lib/python3.10/dist-packages:${PYTHONPATH} /usr/bin/cmake /home/jason/CASA/src/communication/px4_ros_com -DCMAKE_INSTALL_PREFIX=/home/jason/CASA/install/px4_ros_com
[93.162s] DEBUG:colcon.colcon_core.event_handler.log_command:Invoking command in '/home/jason/CASA/build/px4_ros_com': AMENT_PREFIX_PATH=/home/jason/CASA/install/px4_msgs:${AMENT_PREFIX_PATH} CMAKE_PREFIX_PATH=/home/jason/CASA/install/px4_msgs:/opt/ros/humble LD_LIBRARY_PATH=/home/jason/CASA/install/px4_msgs/lib:${LD_LIBRARY_PATH} PYTHONPATH=/home/jason/CASA/install/px4_msgs/local/lib/python3.10/dist-packages:${PYTHONPATH} /usr/bin/cmake --build /home/jason/CASA/build/px4_ros_com -- -j24 -l24
[98.179s] DEBUG:colcon.colcon_core.event_handler.log_command:Invoked command in '/home/jason/CASA/build/px4_ros_com' returned '0': AMENT_PREFIX_PATH=/home/jason/CASA/install/px4_msgs:${AMENT_PREFIX_PATH} CMAKE_PREFIX_PATH=/home/jason/CASA/install/px4_msgs:/opt/ros/humble LD_LIBRARY_PATH=/home/jason/CASA/install/px4_msgs/lib:${LD_LIBRARY_PATH} PYTHONPATH=/home/jason/CASA/install/px4_msgs/local/lib/python3.10/dist-packages:${PYTHONPATH} /usr/bin/cmake --build /home/jason/CASA/build/px4_ros_com -- -j24 -l24
[98.192s] DEBUG:colcon.colcon_core.event_handler.log_command:Invoking command in '/home/jason/CASA/build/px4_ros_com': AMENT_PREFIX_PATH=/home/jason/CASA/install/px4_msgs:${AMENT_PREFIX_PATH} CMAKE_PREFIX_PATH=/home/jason/CASA/install/px4_msgs:/opt/ros/humble LD_LIBRARY_PATH=/home/jason/CASA/install/px4_msgs/lib:${LD_LIBRARY_PATH} PYTHONPATH=/home/jason/CASA/install/px4_msgs/local/lib/python3.10/dist-packages:${PYTHONPATH} /usr/bin/cmake --install /home/jason/CASA/build/px4_ros_com
[98.204s] Level 1:colcon.colcon_core.environment:create_environment_scripts_only(px4_ros_com)
[98.206s] Level 1:colcon.colcon_core.environment:checking '/home/jason/CASA/install/px4_ros_com' for CMake module files
[98.206s] DEBUG:colcon.colcon_core.event_handler.log_command:Invoked command in '/home/jason/CASA/build/px4_ros_com' returned '0': AMENT_PREFIX_PATH=/home/jason/CASA/install/px4_msgs:${AMENT_PREFIX_PATH} CMAKE_PREFIX_PATH=/home/jason/CASA/install/px4_msgs:/opt/ros/humble LD_LIBRARY_PATH=/home/jason/CASA/install/px4_msgs/lib:${LD_LIBRARY_PATH} PYTHONPATH=/home/jason/CASA/install/px4_msgs/local/lib/python3.10/dist-packages:${PYTHONPATH} /usr/bin/cmake --install /home/jason/CASA/build/px4_ros_com
[98.206s] Level 1:colcon.colcon_core.environment:checking '/home/jason/CASA/install/px4_ros_com' for CMake config files
[98.206s] Level 1:colcon.colcon_core.shell:create_environment_hook('px4_ros_com', 'cmake_prefix_path')
[98.207s] INFO:colcon.colcon_core.shell:Creating environment hook '/home/jason/CASA/install/px4_ros_com/share/px4_ros_com/hook/cmake_prefix_path.ps1'
[98.208s] INFO:colcon.colcon_core.shell:Creating environment descriptor '/home/jason/CASA/install/px4_ros_com/share/px4_ros_com/hook/cmake_prefix_path.dsv'
[98.208s] INFO:colcon.colcon_core.shell:Creating environment hook '/home/jason/CASA/install/px4_ros_com/share/px4_ros_com/hook/cmake_prefix_path.sh'
[98.208s] Level 1:colcon.colcon_core.environment:checking '/home/jason/CASA/install/px4_ros_com/lib'
[98.208s] Level 1:colcon.colcon_core.shell:create_environment_hook('px4_ros_com', 'ld_library_path_lib')
[98.210s] INFO:colcon.colcon_core.shell:Creating environment hook '/home/jason/CASA/install/px4_ros_com/share/px4_ros_com/hook/ld_library_path_lib.ps1'
[98.210s] INFO:colcon.colcon_core.shell:Creating environment descriptor '/home/jason/CASA/install/px4_ros_com/share/px4_ros_com/hook/ld_library_path_lib.dsv'
[98.210s] INFO:colcon.colcon_core.shell:Creating environment hook '/home/jason/CASA/install/px4_ros_com/share/px4_ros_com/hook/ld_library_path_lib.sh'
[98.210s] Level 1:colcon.colcon_core.environment:checking '/home/jason/CASA/install/px4_ros_com/bin'
[98.210s] Level 1:colcon.colcon_core.environment:checking '/home/jason/CASA/install/px4_ros_com/lib/pkgconfig/px4_ros_com.pc'
[98.211s] Level 1:colcon.colcon_core.environment:checking '/home/jason/CASA/install/px4_ros_com/lib/python3.10/site-packages'
[98.211s] Level 1:colcon.colcon_core.environment:checking '/home/jason/CASA/install/px4_ros_com/bin'
[98.212s] INFO:colcon.colcon_core.shell:Creating package script '/home/jason/CASA/install/px4_ros_com/share/px4_ros_com/package.ps1'
[98.212s] INFO:colcon.colcon_core.shell:Creating package descriptor '/home/jason/CASA/install/px4_ros_com/share/px4_ros_com/package.dsv'
[98.213s] INFO:colcon.colcon_core.shell:Creating package script '/home/jason/CASA/install/px4_ros_com/share/px4_ros_com/package.sh'
[98.213s] INFO:colcon.colcon_core.shell:Creating package script '/home/jason/CASA/install/px4_ros_com/share/px4_ros_com/package.bash'
[98.213s] INFO:colcon.colcon_core.shell:Creating package script '/home/jason/CASA/install/px4_ros_com/share/px4_ros_com/package.zsh'
[98.213s] Level 1:colcon.colcon_core.environment:create_file_with_runtime_dependencies(/home/jason/CASA/install/px4_ros_com/share/colcon-core/packages/px4_ros_com)
[98.227s] Level 1:colcon.colcon_core.environment:create_environment_scripts_only(px4_ros_com)
[98.228s] Level 1:colcon.colcon_core.environment:checking '/home/jason/CASA/install/px4_ros_com' for CMake module files
[98.229s] Level 1:colcon.colcon_core.environment:checking '/home/jason/CASA/install/px4_ros_com' for CMake config files
[98.229s] Level 1:colcon.colcon_core.shell:create_environment_hook('px4_ros_com', 'cmake_prefix_path')
[98.230s] INFO:colcon.colcon_core.shell:Creating environment hook '/home/jason/CASA/install/px4_ros_com/share/px4_ros_com/hook/cmake_prefix_path.ps1'
[98.230s] INFO:colcon.colcon_core.shell:Creating environment descriptor '/home/jason/CASA/install/px4_ros_com/share/px4_ros_com/hook/cmake_prefix_path.dsv'
[98.230s] INFO:colcon.colcon_core.shell:Creating environment hook '/home/jason/CASA/install/px4_ros_com/share/px4_ros_com/hook/cmake_prefix_path.sh'
[98.231s] Level 1:colcon.colcon_core.environment:checking '/home/jason/CASA/install/px4_ros_com/lib'
[98.231s] Level 1:colcon.colcon_core.shell:create_environment_hook('px4_ros_com', 'ld_library_path_lib')
[98.232s] INFO:colcon.colcon_core.shell:Creating environment hook '/home/jason/CASA/install/px4_ros_com/share/px4_ros_com/hook/ld_library_path_lib.ps1'
[98.232s] INFO:colcon.colcon_core.shell:Creating environment descriptor '/home/jason/CASA/install/px4_ros_com/share/px4_ros_com/hook/ld_library_path_lib.dsv'
[98.232s] INFO:colcon.colcon_core.shell:Creating environment hook '/home/jason/CASA/install/px4_ros_com/share/px4_ros_com/hook/ld_library_path_lib.sh'
[98.233s] Level 1:colcon.colcon_core.environment:checking '/home/jason/CASA/install/px4_ros_com/bin'
[98.233s] Level 1:colcon.colcon_core.environment:checking '/home/jason/CASA/install/px4_ros_com/lib/pkgconfig/px4_ros_com.pc'
[98.233s] Level 1:colcon.colcon_core.environment:checking '/home/jason/CASA/install/px4_ros_com/lib/python3.10/site-packages'
[98.233s] Level 1:colcon.colcon_core.environment:checking '/home/jason/CASA/install/px4_ros_com/bin'
[98.234s] INFO:colcon.colcon_core.shell:Creating package script '/home/jason/CASA/install/px4_ros_com/share/px4_ros_com/package.ps1'
[98.235s] INFO:colcon.colcon_core.shell:Creating package descriptor '/home/jason/CASA/install/px4_ros_com/share/px4_ros_com/package.dsv'
[98.235s] INFO:colcon.colcon_core.shell:Creating package script '/home/jason/CASA/install/px4_ros_com/share/px4_ros_com/package.sh'
[98.235s] INFO:colcon.colcon_core.shell:Creating package script '/home/jason/CASA/install/px4_ros_com/share/px4_ros_com/package.bash'
[98.235s] INFO:colcon.colcon_core.shell:Creating package script '/home/jason/CASA/install/px4_ros_com/share/px4_ros_com/package.zsh'
[98.236s] Level 1:colcon.colcon_core.environment:create_file_with_runtime_dependencies(/home/jason/CASA/install/px4_ros_com/share/colcon-core/packages/px4_ros_com)
[98.236s] DEBUG:colcon.colcon_parallel_executor.executor.parallel:closing loop
[98.236s] DEBUG:colcon.colcon_parallel_executor.executor.parallel:loop closed
[98.236s] DEBUG:colcon.colcon_parallel_executor.executor.parallel:run_until_complete finished with '0'
[98.236s] DEBUG:colcon.colcon_core.event_reactor:joining thread
[98.240s] INFO:colcon.colcon_core.plugin_system:Skipping extension 'colcon_notification.desktop_notification.terminal_notifier': Not used on non-Darwin systems
[98.240s] INFO:colcon.colcon_core.plugin_system:Skipping extension 'colcon_notification.desktop_notification.win32': Not used on non-Windows systems
[98.240s] INFO:colcon.colcon_notification.desktop_notification:Sending desktop notification using 'notify2'
[98.250s] DEBUG:colcon.colcon_core.event_reactor:joined thread
[98.251s] INFO:colcon.colcon_core.shell:Creating prefix script '/home/jason/CASA/install/local_setup.ps1'
[98.251s] INFO:colcon.colcon_core.shell:Creating prefix util module '/home/jason/CASA/install/_local_setup_util_ps1.py'
[98.252s] INFO:colcon.colcon_core.shell:Creating prefix chain script '/home/jason/CASA/install/setup.ps1'
[98.253s] INFO:colcon.colcon_core.shell:Creating prefix script '/home/jason/CASA/install/local_setup.sh'
[98.254s] INFO:colcon.colcon_core.shell:Creating prefix util module '/home/jason/CASA/install/_local_setup_util_sh.py'
[98.254s] INFO:colcon.colcon_core.shell:Creating prefix chain script '/home/jason/CASA/install/setup.sh'
[98.255s] INFO:colcon.colcon_core.shell:Creating prefix script '/home/jason/CASA/install/local_setup.bash'
[98.256s] INFO:colcon.colcon_core.shell:Creating prefix chain script '/home/jason/CASA/install/setup.bash'
[98.256s] INFO:colcon.colcon_core.shell:Creating prefix script '/home/jason/CASA/install/local_setup.zsh'
[98.257s] INFO:colcon.colcon_core.shell:Creating prefix chain script '/home/jason/CASA/install/setup.zsh'
